DEPRECATION WARNING: ActionDispatch::ShowExceptions.rescue_responses is deprecated. Please configure your exceptions using a railtie or in your application config instead. (called from /Users/jan/development/redbull/mongoidtest/config/environment.rb:5)
DEPRECATION WARNING: ActionDispatch::ShowExceptions.rescue_responses is deprecated. Please configure your exceptions using a railtie or in your application config instead. (called from /Users/jan/development/redbull/mongoidtest/config/environment.rb:5)
DEPRECATION WARNING: The InstanceMethods module inside ActiveSupport::Concern will be no longer included automatically. Please define instance methods directly in Concept instead. (called from include at /Users/jan/development/redbull/mongoidtest/app/models/concept.rb:2)
DEPRECATION WARNING: The InstanceMethods module inside ActiveSupport::Concern will be no longer included automatically. Please define instance methods directly in Slide instead. (called from include at /Users/jan/development/redbull/mongoidtest/app/models/slide.rb:2)
MongoDB logging. Please note that logging negatively impacts performance and should be disabled for high-performance production apps.
MongoDB logging. Please note that logging negatively impacts performance and should be disabled for high-performance production apps.
MONGODB admin['$cmd'].find({:ismaster=>1}).limit(-1)
MongoDB logging. Please note that logging negatively impacts performance and should be disabled for high-performance production apps.
MONGODB admin['$cmd'].find({:ismaster=>1}).limit(-1)
MongoDB logging. Please note that logging negatively impacts performance and should be disabled for high-performance production apps.
MONGODB admin['$cmd'].find({:ismaster=>1}).limit(-1)
DEPRECATION WARNING: ActionDispatch::ShowExceptions.rescue_responses is deprecated. Please configure your exceptions using a railtie or in your application config instead. (called from /Users/jan/development/redbull/mongoidtest/config/environment.rb:5)
DEPRECATION WARNING: The InstanceMethods module inside ActiveSupport::Concern will be no longer included automatically. Please define instance methods directly in Concept instead. (called from include at /Users/jan/development/redbull/mongoidtest/app/models/concept.rb:2)
MongoDB logging. Please note that logging negatively impacts performance and should be disabled for high-performance production apps.
MONGODB admin['$cmd'].find({:ismaster=>1}).limit(-1)
MongoDB logging. Please note that logging negatively impacts performance and should be disabled for high-performance production apps.
MONGODB admin['$cmd'].find({:ismaster=>1}).limit(-1)
MongoDB logging. Please note that logging negatively impacts performance and should be disabled for high-performance production apps.
MONGODB admin['$cmd'].find({:ismaster=>1}).limit(-1)
DEPRECATION WARNING: ActionDispatch::ShowExceptions.rescue_responses is deprecated. Please configure your exceptions using a railtie or in your application config instead. (called from /Users/jan/development/redbull/mongoidtest/config/environment.rb:5)
DEPRECATION WARNING: The InstanceMethods module inside ActiveSupport::Concern will be no longer included automatically. Please define instance methods directly in Concept instead. (called from include at /Users/jan/development/redbull/mongoidtest/app/models/concept.rb:2)
MONGODB mongoidtest['system.namespaces'].find({})
MONGODB mongoidtest['$cmd'].find(#<BSON::OrderedHash:0x81a89590 {"create"=>"concepts"}>).limit(-1)
DEPRECATION WARNING: The InstanceMethods module inside ActiveSupport::Concern will be no longer included automatically. Please define instance methods directly in Slide instead. (called from include at /Users/jan/development/redbull/mongoidtest/app/models/slide.rb:2)
DEPRECATION WARNING: The InstanceMethods module inside ActiveSupport::Concern will be no longer included automatically. Please define instance methods directly in Concept instead. (called from include at /Users/jan/development/redbull/mongoidtest/app/models/concept.rb:2)
MONGODB mongoidtest['system.namespaces'].find({})
MONGODB mongoidtest['concepts'].find({}).limit(-1).sort(_idasc)
MONGODB mongoidtest['concepts'].find({}).limit(-1).sort(_idasc)
DEPRECATION WARNING: The InstanceMethods module inside ActiveSupport::Concern will be no longer included automatically. Please define instance methods directly in Slide instead. (called from include at /Users/jan/development/redbull/mongoidtest/app/models/slide.rb:2)
DEPRECATION WARNING: The InstanceMethods module inside ActiveSupport::Concern will be no longer included automatically. Please define instance methods directly in Concept instead. (called from include at /Users/jan/development/redbull/mongoidtest/app/models/concept.rb:2)
DEPRECATION WARNING: The InstanceMethods module inside ActiveSupport::Concern will be no longer included automatically. Please define instance methods directly in Concept instead. (called from include at /Users/jan/development/redbull/mongoidtest/app/models/concept.rb:2)
DEPRECATION WARNING: The InstanceMethods module inside ActiveSupport::Concern will be no longer included automatically. Please define instance methods directly in Concept instead. (called from include at /Users/jan/development/redbull/mongoidtest/app/models/concept.rb:2)
DEPRECATION WARNING: The InstanceMethods module inside ActiveSupport::Concern will be no longer included automatically. Please define instance methods directly in Concept instead. (called from include at /Users/jan/development/redbull/mongoidtest/app/models/concept.rb:2)
DEPRECATION WARNING: The InstanceMethods module inside ActiveSupport::Concern will be no longer included automatically. Please define instance methods directly in Concept instead. (called from include at /Users/jan/development/redbull/mongoidtest/app/models/concept.rb:2)
DEPRECATION WARNING: The InstanceMethods module inside ActiveSupport::Concern will be no longer included automatically. Please define instance methods directly in LanguageProxy instead. (called from include at /Users/jan/development/redbull/mongoidtest/app/models/language_proxy.rb:2)
DEPRECATION WARNING: The InstanceMethods module inside ActiveSupport::Concern will be no longer included automatically. Please define instance methods directly in Concept instead. (called from include at /Users/jan/development/redbull/mongoidtest/app/models/concept.rb:2)
DEPRECATION WARNING: The InstanceMethods module inside ActiveSupport::Concern will be no longer included automatically. Please define instance methods directly in LanguageProxy instead. (called from include at /Users/jan/development/redbull/mongoidtest/app/models/language_proxy.rb:2)
DEPRECATION WARNING: The InstanceMethods module inside ActiveSupport::Concern will be no longer included automatically. Please define instance methods directly in Concept instead. (called from include at /Users/jan/development/redbull/mongoidtest/app/models/concept.rb:2)
DEPRECATION WARNING: The InstanceMethods module inside ActiveSupport::Concern will be no longer included automatically. Please define instance methods directly in LanguageProxy instead. (called from include at /Users/jan/development/redbull/mongoidtest/app/models/language_proxy.rb:2)
DEPRECATION WARNING: The InstanceMethods module inside ActiveSupport::Concern will be no longer included automatically. Please define instance methods directly in Concept instead. (called from include at /Users/jan/development/redbull/mongoidtest/app/models/concept.rb:2)
DEPRECATION WARNING: The InstanceMethods module inside ActiveSupport::Concern will be no longer included automatically. Please define instance methods directly in LanguageProxy instead. (called from include at /Users/jan/development/redbull/mongoidtest/app/models/language_proxy.rb:2)
DEPRECATION WARNING: The InstanceMethods module inside ActiveSupport::Concern will be no longer included automatically. Please define instance methods directly in Slide instead. (called from include at /Users/jan/development/redbull/mongoidtest/app/models/slide.rb:2)
MONGODB mongoidtest['system.namespaces'].find({})
DEPRECATION WARNING: The InstanceMethods module inside ActiveSupport::Concern will be no longer included automatically. Please define instance methods directly in Concept instead. (called from include at /Users/jan/development/redbull/mongoidtest/app/models/concept.rb:2)
DEPRECATION WARNING: The InstanceMethods module inside ActiveSupport::Concern will be no longer included automatically. Please define instance methods directly in LanguageProxy instead. (called from include at /Users/jan/development/redbull/mongoidtest/app/models/language_proxy.rb:2)
DEPRECATION WARNING: The InstanceMethods module inside ActiveSupport::Concern will be no longer included automatically. Please define instance methods directly in Slide instead. (called from include at /Users/jan/development/redbull/mongoidtest/app/models/slide.rb:2)
MONGODB mongoidtest['system.namespaces'].find({})
